<?xml version="1.0" encoding="UTF-8"?>
<testng-results skipped="0" failed="0" ignored="0" total="1" passed="1">
  <reporter-output>
  </reporter-output>
  <suite name="Suite" duration-ms="47326" started-at="2022-01-23T08:13:38Z" finished-at="2022-01-23T08:14:26Z">
    <groups>
    </groups>
    <test name="BankingApp Test" duration-ms="47326" started-at="2022-01-23T08:13:38Z" finished-at="2022-01-23T08:14:26Z">
      <class name="com.inetbanking.testCases.TC_LoginTest_001">
        <test-method status="PASS" signature="setup(java.lang.String)[pri:0, instance:com.inetbanking.testCases.TC_LoginTest_001@1c68925]" name="setup" is-config="true" duration-ms="34709" started-at="2022-01-23T08:13:39Z" finished-at="2022-01-23T08:14:13Z">
          <params>
            <param index="0">
              <value>
                <![CDATA[chrome]]>
              </value>
            </param>
          </params>
          <reporter-output>
          </reporter-output>
        </test-method> <!-- setup -->
        <test-method status="PASS" signature="loginTest()[pri:0, instance:com.inetbanking.testCases.TC_LoginTest_001@1c68925]" name="loginTest" duration-ms="10842" started-at="2022-01-23T08:14:13Z" finished-at="2022-01-23T08:14:24Z">
          <reporter-output>
          </reporter-output>
        </test-method> <!-- loginTest -->
        <test-method status="PASS" signature="teardown(java.lang.String)[pri:0, instance:com.inetbanking.testCases.TC_LoginTest_001@1c68925]" name="teardown" is-config="true" duration-ms="1223" started-at="2022-01-23T08:14:24Z" finished-at="2022-01-23T08:14:26Z">
          <params>
            <param index="0">
              <value>
                <![CDATA[chrome]]>
              </value>
            </param>
          </params>
          <reporter-output>
          </reporter-output>
        </test-method> <!-- teardown -->
      </class> <!-- com.inetbanking.testCases.TC_LoginTest_001 -->
    </test> <!-- BankingApp Test -->
  </suite> <!-- Suite -->
</testng-results>
