<?xml version="1.0" encoding="UTF-8"?>
<testng-results skipped="0" failed="0" ignored="0" total="1" passed="1">
  <reporter-output>
  </reporter-output>
  <suite name="Suite" duration-ms="35492" started-at="2021-09-07T02:45:07Z" finished-at="2021-09-07T02:45:42Z">
    <groups>
    </groups>
    <test name="BankingApp Test" duration-ms="35492" started-at="2021-09-07T02:45:07Z" finished-at="2021-09-07T02:45:42Z">
      <class name="com.inetbanking.testCases.TC_LoginTest_001">
        <test-method status="PASS" signature="setup(java.lang.String)[pri:0, instance:com.inetbanking.testCases.TC_LoginTest_001@1c68925]" name="setup" is-config="true" duration-ms="26999" started-at="2021-09-07T02:45:08Z" finished-at="2021-09-07T02:45:35Z">
          <params>
            <param index="0">
              <value>
                <![CDATA[chrome]]>
              </value>
            </param>
          </params>
          <reporter-output>
          </reporter-output>
        </test-method> <!-- setup -->
        <test-method status="PASS" signature="loginTest()[pri:0, instance:com.inetbanking.testCases.TC_LoginTest_001@1c68925]" name="loginTest" duration-ms="4698" started-at="2021-09-07T02:45:35Z" finished-at="2021-09-07T02:45:40Z">
          <reporter-output>
          </reporter-output>
        </test-method> <!-- loginTest -->
        <test-method status="PASS" signature="teardown(java.lang.String)[pri:0, instance:com.inetbanking.testCases.TC_LoginTest_001@1c68925]" name="teardown" is-config="true" duration-ms="2655" started-at="2021-09-07T02:45:40Z" finished-at="2021-09-07T02:45:42Z">
          <params>
            <param index="0">
              <value>
                <![CDATA[chrome]]>
              </value>
            </param>
          </params>
          <reporter-output>
          </reporter-output>
        </test-method> <!-- teardown -->
      </class> <!-- com.inetbanking.testCases.TC_LoginTest_001 -->
    </test> <!-- BankingApp Test -->
  </suite> <!-- Suite -->
</testng-results>
